[debug] [2024-02-09T06:05:43.044Z] ----------------------------------------------------------------------
[debug] [2024-02-09T06:05:43.046Z] Command:       D:\nodejs\node.exe C:\Users\mau99\AppData\Roaming\npm\node_modules\firebase-tools\lib\bin\firebase.js init
[debug] [2024-02-09T06:05:43.047Z] CLI Version:   13.1.0
[debug] [2024-02-09T06:05:43.047Z] Platform:      win32
[debug] [2024-02-09T06:05:43.048Z] Node Version:  v18.15.0
[debug] [2024-02-09T06:05:43.049Z] Time:          Thu Feb 08 2024 22:05:43 GMT-0800 (hora estándar del Pacífico)
[debug] [2024-02-09T06:05:43.049Z] ----------------------------------------------------------------------
[debug] 
[debug] [2024-02-09T06:05:43.068Z] > command requires scopes: ["email","openid","https://www.googleapis.com/auth/cloudplatformprojects.readonly","https://www.googleapis.com/auth/firebase","https://www.googleapis.com/auth/cloud-platform"]
[debug] [2024-02-09T06:05:43.069Z] > authorizing via signed-in user (mau99castillo@gmail.com)
[info] 
     ######## #### ########  ######## ########     ###     ######  ########
     ##        ##  ##     ## ##       ##     ##  ##   ##  ##       ##
     ######    ##  ########  ######   ########  #########  ######  ######
     ##        ##  ##    ##  ##       ##     ## ##     ##       ## ##
     ##       #### ##     ## ######## ########  ##     ##  ######  ########

You're about to initialize a Firebase project in this directory:

  C:\Users\mau99\OneDrive\Escritorio\SoftwareQuality\DevOpsInfrastructureLevel1\Projects\password_generator

[debug] [2024-02-09T06:07:04.164Z] ----------------------------------------------------------------------
[debug] [2024-02-09T06:07:04.167Z] Command:       D:\nodejs\node.exe C:\Users\mau99\AppData\Roaming\npm\node_modules\firebase-tools\lib\bin\firebase.js init
[debug] [2024-02-09T06:07:04.167Z] CLI Version:   13.1.0
[debug] [2024-02-09T06:07:04.167Z] Platform:      win32
[debug] [2024-02-09T06:07:04.168Z] Node Version:  v18.15.0
[debug] [2024-02-09T06:07:04.169Z] Time:          Thu Feb 08 2024 22:07:04 GMT-0800 (hora estándar del Pacífico)
[debug] [2024-02-09T06:07:04.169Z] ----------------------------------------------------------------------
[debug] 
[debug] [2024-02-09T06:07:04.179Z] > command requires scopes: ["email","openid","https://www.googleapis.com/auth/cloudplatformprojects.readonly","https://www.googleapis.com/auth/firebase","https://www.googleapis.com/auth/cloud-platform"]
[debug] [2024-02-09T06:07:04.179Z] > authorizing via signed-in user (mau99castillo@gmail.com)
[info] 
     ######## #### ########  ######## ########     ###     ######  ########
     ##        ##  ##     ## ##       ##     ##  ##   ##  ##       ##
     ######    ##  ########  ######   ########  #########  ######  ######
     ##        ##  ##    ##  ##       ##     ## ##     ##       ## ##
     ##       #### ##     ## ######## ########  ##     ##  ######  ########

You're about to initialize a Firebase project in this directory:

  C:\Users\mau99\OneDrive\Escritorio\SoftwareQuality\DevOpsInfrastructureLevel1\Projects\password_generator

[info] 
=== Project Setup
[info] 
[info] First, let's associate this project directory with a Firebase project.
[info] You can create multiple project aliases by running firebase use --add, 
[info] but for now we'll just set up a default project.
[info] 
[debug] [2024-02-09T06:07:09.553Z] > refreshing access token with scopes: []
[debug] [2024-02-09T06:07:09.555Z] >>> [apiv2][query] POST https://www.googleapis.com/oauth2/v3/token [none]
[debug] [2024-02-09T06:07:09.555Z] >>> [apiv2][body] POST https://www.googleapis.com/oauth2/v3/token [omitted]
[debug] [2024-02-09T06:07:09.770Z] <<< [apiv2][status] POST https://www.googleapis.com/oauth2/v3/token 200
[debug] [2024-02-09T06:07:09.770Z] <<< [apiv2][body] POST https://www.googleapis.com/oauth2/v3/token [omitted]
[debug] [2024-02-09T06:07:09.798Z] >>> [apiv2][query] GET https://firebase.googleapis.com/v1beta1/projects pageSize=100
[debug] [2024-02-09T06:07:10.174Z] <<< [apiv2][status] GET https://firebase.googleapis.com/v1beta1/projects 200
[debug] [2024-02-09T06:07:10.174Z] <<< [apiv2][body] GET https://firebase.googleapis.com/v1beta1/projects [omitted]
[info] i  Using project jenkins-aws-production (jenkins-aws-production) 
[info] 
=== Hosting Setup
[debug] [2024-02-09T06:07:13.772Z] >>> [apiv2][query] GET https://firebase.googleapis.com/v1beta1/projects/jenkins-aws-production [none]
[debug] [2024-02-09T06:07:13.953Z] <<< [apiv2][status] GET https://firebase.googleapis.com/v1beta1/projects/jenkins-aws-production 200
[debug] [2024-02-09T06:07:13.953Z] <<< [apiv2][body] GET https://firebase.googleapis.com/v1beta1/projects/jenkins-aws-production {"projectId":"jenkins-aws-production","projectNumber":"44482113397","displayName":"jenkins-aws-production","name":"projects/jenkins-aws-production","resources":{"hostingSite":"jenkins-aws-production"},"state":"ACTIVE","etag":"1_f9ef9093-c6a8-4994-b294-e804ecd80fa5"}
[info] 
[info] Your public directory is the folder (relative to your project directory) that
[info] will contain Hosting assets to be uploaded with firebase deploy. If you
[info] have a build process for your assets, use your build's output directory.
[info] 
